<?xml version="1.0" encoding="UTF-8"?>
<testsuite name="ohtu.verkkokauppa.KauppaTest" tests="4" skipped="0" failures="0" errors="0" timestamp="2020-03-16T14:47:20" hostname="parrot" time="0.59">
  <properties/>
  <testcase name="ostetaanKaksiSamaaTuotettaJaLaskutetaanOikein" classname="ohtu.verkkokauppa.KauppaTest" time="0.579"/>
  <testcase name="ostostenPaatyttyaTilisiirtoKutsutaanOikeallaSummalla" classname="ohtu.verkkokauppa.KauppaTest" time="0.003"/>
  <testcase name="ostoksenPaaytyttyaTilisiirtoKutsutaanOikeillaArvoilla" classname="ohtu.verkkokauppa.KauppaTest" time="0.003"/>
  <testcase name="ostetaanTuoteJotaOnVarastossaJaTuoteJotaEiOleVarastossa" classname="ohtu.verkkokauppa.KauppaTest" time="0.004"/>
  <system-out><![CDATA[]]></system-out>
  <system-err><![CDATA[]]></system-err>
</testsuite>
